
*** Running vivado
    with args -log design_singletoneFFT_inst_1_latch_0_0.vds -m64 -product Vivado -mode batch -messageDb vivado.pb -notrace -source design_singletoneFFT_inst_1_latch_0_0.tcl



****** Vivado v2024.2 (64-bit)
  **** SW Build 5239630 on Fri Nov 08 22:35:27 MST 2024
  **** IP Build 5239520 on Sun Nov 10 16:12:51 MST 2024
  **** SharedData Build 5239561 on Fri Nov 08 14:39:27 MST 2024
  **** Start of session at: Wed Jul  9 15:47:43 2025
    ** Copyright 1986-2022 Xilinx, Inc. All Rights Reserved.
    ** Copyright 2022-2024 Advanced Micro Devices, Inc. All Rights Reserved.

source design_singletoneFFT_inst_1_latch_0_0.tcl -notrace
INFO: [IP_Flow 19-234] Refreshing IP repositories
INFO: [IP_Flow 19-1700] Loaded user IP repository 'd:/Vivado+Vitis/redpitaya_guide/tmp/cores'.
INFO: [IP_Flow 19-2313] Loaded Vivado IP repository 'C:/Xilinx/Vivado/2024.2/data/ip'.
WARNING: [IP_Flow 19-4995] The host OS only allows 260 characters in a normal path. The IP cache path is more than 80 characters. If you experience issues with IP caching, please consider changing the IP cache to a location with a shorter path. Alternately consider using the OS subst command to map part of the path to a drive letter. 
Current IP cache path is d:/GitHub/Digital-HWSW-RRI/DigitalReceiverPipeline/DigitalReceiverPipeline.cache/ip 
Command: synth_design -top design_singletoneFFT_inst_1_latch_0_0 -part xc7z010clg400-1 -incremental_mode off -mode out_of_context
Starting synth_design
Attempting to get a license for feature 'Synthesis' and/or device 'xc7z010'
INFO: [Common 17-349] Got license for feature 'Synthesis' and/or device 'xc7z010'
INFO: [Device 21-403] Loading part xc7z010clg400-1
INFO: [Synth 8-7079] Multithreading enabled for synth_design using a maximum of 2 processes.
INFO: [Synth 8-7078] Launching helper process for spawning children vivado processes
INFO: [Synth 8-7075] Helper process launched with PID 10144
---------------------------------------------------------------------------------
Starting RTL Elaboration : Time (s): cpu = 00:00:09 ; elapsed = 00:00:09 . Memory (MB): peak = 1078.066 ; gain = 464.969
---------------------------------------------------------------------------------
INFO: [Synth 8-6157] synthesizing module 'design_singletoneFFT_inst_1_latch_0_0' [d:/GitHub/Digital-HWSW-RRI/DigitalReceiverPipeline/DigitalReceiverPipeline.gen/sources_1/bd/design_pipeline/bd/design_singletoneFFT_inst_1/ip/design_singletoneFFT_inst_1_latch_0_0/synth/design_singletoneFFT_inst_1_latch_0_0.v:53]
INFO: [Synth 8-6157] synthesizing module 'latch' [D:/GitHub/Digital-HWSW-RRI/SingleToneFFT/SingleToneFFT.srcs/sources_1/new/latch.v:23]
	Parameter WIDTH bound to: 1 - type: integer 
INFO: [Synth 8-6155] done synthesizing module 'latch' (0#1) [D:/GitHub/Digital-HWSW-RRI/SingleToneFFT/SingleToneFFT.srcs/sources_1/new/latch.v:23]
INFO: [Synth 8-6155] done synthesizing module 'design_singletoneFFT_inst_1_latch_0_0' (0#1) [d:/GitHub/Digital-HWSW-RRI/DigitalReceiverPipeline/DigitalReceiverPipeline.gen/sources_1/bd/design_pipeline/bd/design_singletoneFFT_inst_1/ip/design_singletoneFFT_inst_1_latch_0_0/synth/design_singletoneFFT_inst_1_latch_0_0.v:53]
---------------------------------------------------------------------------------
Finished RTL Elaboration : Time (s): cpu = 00:00:11 ; elapsed = 00:00:11 . Memory (MB): peak = 1186.000 ; gain = 572.902
---------------------------------------------------------------------------------
---------------------------------------------------------------------------------
Start Handling Custom Attributes
---------------------------------------------------------------------------------
---------------------------------------------------------------------------------
Finished Handling Custom Attributes : Time (s): cpu = 00:00:11 ; elapsed = 00:00:12 . Memory (MB): peak = 1186.000 ; gain = 572.902
---------------------------------------------------------------------------------
---------------------------------------------------------------------------------
Finished RTL Optimization Phase 1 : Time (s): cpu = 00:00:11 ; elapsed = 00:00:12 . Memory (MB): peak = 1186.000 ; gain = 572.902
---------------------------------------------------------------------------------
Netlist sorting complete. Time (s): cpu = 00:00:00 ; elapsed = 00:00:00 . Memory (MB): peak = 1186.000 ; gain = 0.000
INFO: [Project 1-570] Preparing netlist for logic optimization

Processing XDC Constraints
Initializing timing engine
Completed Processing XDC Constraints

Netlist sorting complete. Time (s): cpu = 00:00:00 ; elapsed = 00:00:00 . Memory (MB): peak = 1189.922 ; gain = 0.000
INFO: [Project 1-111] Unisim Transformation Summary:
No Unisim elements were transformed.

Constraint Validation Runtime : Time (s): cpu = 00:00:00 ; elapsed = 00:00:00.031 . Memory (MB): peak = 1190.039 ; gain = 0.117
INFO: [Designutils 20-5008] Incremental synthesis strategy off
---------------------------------------------------------------------------------
Finished Constraint Validation : Time (s): cpu = 00:00:23 ; elapsed = 00:00:24 . Memory (MB): peak = 1190.039 ; gain = 576.941
---------------------------------------------------------------------------------
---------------------------------------------------------------------------------
Start Loading Part and Timing Information
---------------------------------------------------------------------------------
Loading part: xc7z010clg400-1
---------------------------------------------------------------------------------
Finished Loading Part and Timing Information : Time (s): cpu = 00:00:23 ; elapsed = 00:00:24 . Memory (MB): peak = 1190.039 ; gain = 576.941
---------------------------------------------------------------------------------
---------------------------------------------------------------------------------
Start Applying 'set_property' XDC Constraints
---------------------------------------------------------------------------------
---------------------------------------------------------------------------------
Finished applying 'set_property' XDC Constraints : Time (s): cpu = 00:00:23 ; elapsed = 00:00:24 . Memory (MB): peak = 1190.039 ; gain = 576.941
---------------------------------------------------------------------------------
WARNING: [Synth 8-327] inferring latch for variable 'sig_out_reg' [D:/GitHub/Digital-HWSW-RRI/SingleToneFFT/SingleToneFFT.srcs/sources_1/new/latch.v:32]
---------------------------------------------------------------------------------
Finished RTL Optimization Phase 2 : Time (s): cpu = 00:00:23 ; elapsed = 00:00:24 . Memory (MB): peak = 1190.039 ; gain = 576.941
---------------------------------------------------------------------------------
---------------------------------------------------------------------------------
Start RTL Component Statistics 
---------------------------------------------------------------------------------
Detailed RTL Component Info : 
---------------------------------------------------------------------------------
Finished RTL Component Statistics 
---------------------------------------------------------------------------------
---------------------------------------------------------------------------------
Start Part Resource Summary
---------------------------------------------------------------------------------
Part Resources:
DSPs: 80 (col length:40)
BRAMs: 120 (col length: RAMB18 40 RAMB36 20)
---------------------------------------------------------------------------------
Finished Part Resource Summary
---------------------------------------------------------------------------------
---------------------------------------------------------------------------------
Start Cross Boundary and Area Optimization
---------------------------------------------------------------------------------
WARNING: [Synth 8-7080] Parallel synthesis criteria is not met
---------------------------------------------------------------------------------
Finished Cross Boundary and Area Optimization : Time (s): cpu = 00:00:26 ; elapsed = 00:00:27 . Memory (MB): peak = 1190.699 ; gain = 577.602
---------------------------------------------------------------------------------
---------------------------------------------------------------------------------
Start Applying XDC Timing Constraints
---------------------------------------------------------------------------------
---------------------------------------------------------------------------------
Finished Applying XDC Timing Constraints : Time (s): cpu = 00:00:36 ; elapsed = 00:00:38 . Memory (MB): peak = 1357.227 ; gain = 744.129
---------------------------------------------------------------------------------
---------------------------------------------------------------------------------
Start Timing Optimization
---------------------------------------------------------------------------------
---------------------------------------------------------------------------------
Finished Timing Optimization : Time (s): cpu = 00:00:36 ; elapsed = 00:00:38 . Memory (MB): peak = 1357.227 ; gain = 744.129
---------------------------------------------------------------------------------
---------------------------------------------------------------------------------
Start Technology Mapping
---------------------------------------------------------------------------------
---------------------------------------------------------------------------------
Finished Technology Mapping : Time (s): cpu = 00:00:36 ; elapsed = 00:00:38 . Memory (MB): peak = 1366.758 ; gain = 753.660
---------------------------------------------------------------------------------
---------------------------------------------------------------------------------
Start IO Insertion
---------------------------------------------------------------------------------
---------------------------------------------------------------------------------
Start Flattening Before IO Insertion
---------------------------------------------------------------------------------
---------------------------------------------------------------------------------
Finished Flattening Before IO Insertion
---------------------------------------------------------------------------------
---------------------------------------------------------------------------------
Start Final Netlist Cleanup
---------------------------------------------------------------------------------
---------------------------------------------------------------------------------
Finished Final Netlist Cleanup
---------------------------------------------------------------------------------
---------------------------------------------------------------------------------
Finished IO Insertion : Time (s): cpu = 00:00:43 ; elapsed = 00:00:45 . Memory (MB): peak = 1583.387 ; gain = 970.289
---------------------------------------------------------------------------------
---------------------------------------------------------------------------------
Start Renaming Generated Instances
---------------------------------------------------------------------------------
---------------------------------------------------------------------------------
Finished Renaming Generated Instances : Time (s): cpu = 00:00:43 ; elapsed = 00:00:45 . Memory (MB): peak = 1583.387 ; gain = 970.289
---------------------------------------------------------------------------------
---------------------------------------------------------------------------------
Start Rebuilding User Hierarchy
---------------------------------------------------------------------------------
---------------------------------------------------------------------------------
Finished Rebuilding User Hierarchy : Time (s): cpu = 00:00:43 ; elapsed = 00:00:45 . Memory (MB): peak = 1583.387 ; gain = 970.289
---------------------------------------------------------------------------------
---------------------------------------------------------------------------------
Start Renaming Generated Ports
---------------------------------------------------------------------------------
---------------------------------------------------------------------------------
Finished Renaming Generated Ports : Time (s): cpu = 00:00:43 ; elapsed = 00:00:45 . Memory (MB): peak = 1583.387 ; gain = 970.289
---------------------------------------------------------------------------------
---------------------------------------------------------------------------------
Start Handling Custom Attributes
---------------------------------------------------------------------------------
---------------------------------------------------------------------------------
Finished Handling Custom Attributes : Time (s): cpu = 00:00:43 ; elapsed = 00:00:45 . Memory (MB): peak = 1583.387 ; gain = 970.289
---------------------------------------------------------------------------------
---------------------------------------------------------------------------------
Start Renaming Generated Nets
---------------------------------------------------------------------------------
---------------------------------------------------------------------------------
Finished Renaming Generated Nets : Time (s): cpu = 00:00:43 ; elapsed = 00:00:45 . Memory (MB): peak = 1583.387 ; gain = 970.289
---------------------------------------------------------------------------------
---------------------------------------------------------------------------------
Start Writing Synthesis Report
---------------------------------------------------------------------------------

Report BlackBoxes: 
+-+--------------+----------+
| |BlackBox name |Instances |
+-+--------------+----------+
+-+--------------+----------+

Report Cell Usage: 
+------+-----+------+
|      |Cell |Count |
+------+-----+------+
|1     |LD   |     1|
+------+-----+------+
---------------------------------------------------------------------------------
Finished Writing Synthesis Report : Time (s): cpu = 00:00:43 ; elapsed = 00:00:45 . Memory (MB): peak = 1583.387 ; gain = 970.289
---------------------------------------------------------------------------------
Synthesis finished with 0 errors, 0 critical warnings and 2 warnings.
Synthesis Optimization Runtime : Time (s): cpu = 00:00:30 ; elapsed = 00:00:43 . Memory (MB): peak = 1583.387 ; gain = 966.250
Synthesis Optimization Complete : Time (s): cpu = 00:00:43 ; elapsed = 00:00:45 . Memory (MB): peak = 1583.387 ; gain = 970.289
INFO: [Project 1-571] Translating synthesized netlist
Netlist sorting complete. Time (s): cpu = 00:00:00 ; elapsed = 00:00:00 . Memory (MB): peak = 1583.387 ; gain = 0.000
INFO: [Netlist 29-17] Analyzing 1 Unisim elements for replacement
INFO: [Netlist 29-28] Unisim Transformation completed in 0 CPU seconds
INFO: [Project 1-570] Preparing netlist for logic optimization
INFO: [Opt 31-138] Pushed 0 inverter(s) to 0 load pin(s).
Netlist sorting complete. Time (s): cpu = 00:00:00 ; elapsed = 00:00:00 . Memory (MB): peak = 1583.387 ; gain = 0.000
INFO: [Project 1-111] Unisim Transformation Summary:
  A total of 1 instances were transformed.
  LD => LDCE: 1 instance 

Synth Design complete | Checksum: bf0037b2
INFO: [Common 17-83] Releasing license: Synthesis
22 Infos, 3 Warnings, 0 Critical Warnings and 0 Errors encountered.
synth_design completed successfully
synth_design: Time (s): cpu = 00:00:49 ; elapsed = 00:00:56 . Memory (MB): peak = 1583.387 ; gain = 1179.391
INFO: [Common 17-1381] The checkpoint 'D:/GitHub/Digital-HWSW-RRI/DigitalReceiverPipeline/DigitalReceiverPipeline.runs/design_singletoneFFT_inst_1_latch_0_0_synth_1/design_singletoneFFT_inst_1_latch_0_0.dcp' has been generated.
INFO: [Vivado 12-24828] Executing command : report_utilization -file design_singletoneFFT_inst_1_latch_0_0_utilization_synth.rpt -pb design_singletoneFFT_inst_1_latch_0_0_utilization_synth.pb
INFO: [Common 17-206] Exiting Vivado at Wed Jul  9 15:48:49 2025...
