
*** Running vivado
    with args -log system_inst_0_axi_bram_ctrl_0_0.vds -m64 -product Vivado -mode batch -messageDb vivado.pb -notrace -source system_inst_0_axi_bram_ctrl_0_0.tcl



****** Vivado v2024.2 (64-bit)
  **** SW Build 5239630 on Fri Nov 08 22:35:27 MST 2024
  **** IP Build 5239520 on Sun Nov 10 16:12:51 MST 2024
  **** SharedData Build 5239561 on Fri Nov 08 14:39:27 MST 2024
  **** Start of session at: Wed Jul  9 15:54:16 2025
    ** Copyright 1986-2022 Xilinx, Inc. All Rights Reserved.
    ** Copyright 2022-2024 Advanced Micro Devices, Inc. All Rights Reserved.

source system_inst_0_axi_bram_ctrl_0_0.tcl -notrace
INFO: [IP_Flow 19-234] Refreshing IP repositories
INFO: [IP_Flow 19-1700] Loaded user IP repository 'd:/Vivado+Vitis/redpitaya_guide/tmp/cores'.
INFO: [IP_Flow 19-2313] Loaded Vivado IP repository 'C:/Xilinx/Vivado/2024.2/data/ip'.
WARNING: [IP_Flow 19-4995] The host OS only allows 260 characters in a normal path. The IP cache path is more than 80 characters. If you experience issues with IP caching, please consider changing the IP cache to a location with a shorter path. Alternately consider using the OS subst command to map part of the path to a drive letter. 
Current IP cache path is d:/GitHub/Digital-HWSW-RRI/DigitalReceiverPipeline/DigitalReceiverPipeline.cache/ip 
INFO: [IP_Flow 19-6924] IPCACHE: Running cache check for IP inst: system_inst_0_axi_bram_ctrl_0_0
Command: synth_design -top system_inst_0_axi_bram_ctrl_0_0 -part xc7z010clg400-1 -incremental_mode off -mode out_of_context
Starting synth_design
Attempting to get a license for feature 'Synthesis' and/or device 'xc7z010'
INFO: [Common 17-349] Got license for feature 'Synthesis' and/or device 'xc7z010'
INFO: [Device 21-403] Loading part xc7z010clg400-1
INFO: [Synth 8-7079] Multithreading enabled for synth_design using a maximum of 2 processes.
INFO: [Synth 8-7078] Launching helper process for spawning children vivado processes
INFO: [Synth 8-7075] Helper process launched with PID 61324
---------------------------------------------------------------------------------
Starting RTL Elaboration : Time (s): cpu = 00:00:12 ; elapsed = 00:00:12 . Memory (MB): peak = 1080.281 ; gain = 466.621
---------------------------------------------------------------------------------
INFO: [Synth 8-638] synthesizing module 'system_inst_0_axi_bram_ctrl_0_0' [d:/GitHub/Digital-HWSW-RRI/DigitalReceiverPipeline/DigitalReceiverPipeline.gen/sources_1/bd/design_pipeline/bd/system_inst_0/ip/system_inst_0_axi_bram_ctrl_0_0/synth/system_inst_0_axi_bram_ctrl_0_0.vhd:104]
	Parameter C_BRAM_INST_MODE bound to: EXTERNAL - type: string 
	Parameter C_MEMORY_DEPTH bound to: 1024 - type: integer 
	Parameter C_BRAM_ADDR_WIDTH bound to: 10 - type: integer 
	Parameter C_S_AXI_ADDR_WIDTH bound to: 13 - type: integer 
	Parameter C_S_AXI_DATA_WIDTH bound to: 64 - type: integer 
	Parameter C_S_AXI_ID_WIDTH bound to: 1 - type: integer 
	Parameter C_S_AXI_PROTOCOL bound to: AXI4 - type: string 
	Parameter C_S_AXI_SUPPORTS_NARROW_BURST bound to: 1 - type: integer 
	Parameter C_SINGLE_PORT_BRAM bound to: 1 - type: integer 
	Parameter C_FAMILY bound to: zynq - type: string 
	Parameter C_READ_LATENCY bound to: 1 - type: integer 
	Parameter C_RD_CMD_OPTIMIZATION bound to: 0 - type: integer 
	Parameter C_S_AXI_CTRL_ADDR_WIDTH bound to: 32 - type: integer 
	Parameter C_S_AXI_CTRL_DATA_WIDTH bound to: 32 - type: integer 
	Parameter C_ECC bound to: 0 - type: integer 
	Parameter C_ECC_TYPE bound to: 0 - type: integer 
	Parameter C_FAULT_INJECT bound to: 0 - type: integer 
	Parameter C_ECC_ONOFF_RESET_VALUE bound to: 0 - type: integer 
INFO: [Synth 8-3491] module 'axi_bram_ctrl' declared at 'd:/GitHub/Digital-HWSW-RRI/DigitalReceiverPipeline/DigitalReceiverPipeline.gen/sources_1/bd/design_pipeline/bd/system_inst_0/ipshared/df79/hdl/axi_bram_ctrl_v4_1_rfs.vhd:31263' bound to instance 'U0' of component 'axi_bram_ctrl' [d:/GitHub/Digital-HWSW-RRI/DigitalReceiverPipeline/DigitalReceiverPipeline.gen/sources_1/bd/design_pipeline/bd/system_inst_0/ip/system_inst_0_axi_bram_ctrl_0_0/synth/system_inst_0_axi_bram_ctrl_0_0.vhd:260]
INFO: [Synth 8-638] synthesizing module 'axi_bram_ctrl' [d:/GitHub/Digital-HWSW-RRI/DigitalReceiverPipeline/DigitalReceiverPipeline.gen/sources_1/bd/design_pipeline/bd/system_inst_0/ipshared/df79/hdl/axi_bram_ctrl_v4_1_rfs.vhd:31434]
INFO: [Synth 8-638] synthesizing module 'axi_bram_ctrl_top' [d:/GitHub/Digital-HWSW-RRI/DigitalReceiverPipeline/DigitalReceiverPipeline.gen/sources_1/bd/design_pipeline/bd/system_inst_0/ipshared/df79/hdl/axi_bram_ctrl_v4_1_rfs.vhd:30438]
INFO: [Synth 8-638] synthesizing module 'full_axi' [d:/GitHub/Digital-HWSW-RRI/DigitalReceiverPipeline/DigitalReceiverPipeline.gen/sources_1/bd/design_pipeline/bd/system_inst_0/ipshared/df79/hdl/axi_bram_ctrl_v4_1_rfs.vhd:29196]
WARNING: [Synth 8-6774] Null subtype or type declaration found [d:/GitHub/Digital-HWSW-RRI/DigitalReceiverPipeline/DigitalReceiverPipeline.gen/sources_1/bd/design_pipeline/bd/system_inst_0/ipshared/df79/hdl/axi_bram_ctrl_v4_1_rfs.vhd:29266]
INFO: [Synth 8-3919] null assignment ignored [d:/GitHub/Digital-HWSW-RRI/DigitalReceiverPipeline/DigitalReceiverPipeline.gen/sources_1/bd/design_pipeline/bd/system_inst_0/ipshared/df79/hdl/axi_bram_ctrl_v4_1_rfs.vhd:29266]
INFO: [Synth 8-3919] null assignment ignored [d:/GitHub/Digital-HWSW-RRI/DigitalReceiverPipeline/DigitalReceiverPipeline.gen/sources_1/bd/design_pipeline/bd/system_inst_0/ipshared/df79/hdl/axi_bram_ctrl_v4_1_rfs.vhd:29472]
INFO: [Synth 8-638] synthesizing module 'sng_port_arb' [d:/GitHub/Digital-HWSW-RRI/DigitalReceiverPipeline/DigitalReceiverPipeline.gen/sources_1/bd/design_pipeline/bd/system_inst_0/ipshared/df79/hdl/axi_bram_ctrl_v4_1_rfs.vhd:11397]
INFO: [Synth 8-256] done synthesizing module 'sng_port_arb' (0#1) [d:/GitHub/Digital-HWSW-RRI/DigitalReceiverPipeline/DigitalReceiverPipeline.gen/sources_1/bd/design_pipeline/bd/system_inst_0/ipshared/df79/hdl/axi_bram_ctrl_v4_1_rfs.vhd:11397]
INFO: [Synth 8-638] synthesizing module 'wr_chnl' [d:/GitHub/Digital-HWSW-RRI/DigitalReceiverPipeline/DigitalReceiverPipeline.gen/sources_1/bd/design_pipeline/bd/system_inst_0/ipshared/df79/hdl/axi_bram_ctrl_v4_1_rfs.vhd:24080]
INFO: [Synth 8-506] null port 'FaultInjectECC' ignored [d:/GitHub/Digital-HWSW-RRI/DigitalReceiverPipeline/DigitalReceiverPipeline.gen/sources_1/bd/design_pipeline/bd/system_inst_0/ipshared/df79/hdl/axi_bram_ctrl_v4_1_rfs.vhd:24047]
INFO: [Synth 8-638] synthesizing module 'wrap_brst' [d:/GitHub/Digital-HWSW-RRI/DigitalReceiverPipeline/DigitalReceiverPipeline.gen/sources_1/bd/design_pipeline/bd/system_inst_0/ipshared/df79/hdl/axi_bram_ctrl_v4_1_rfs.vhd:12386]
INFO: [Synth 8-256] done synthesizing module 'wrap_brst' (0#1) [d:/GitHub/Digital-HWSW-RRI/DigitalReceiverPipeline/DigitalReceiverPipeline.gen/sources_1/bd/design_pipeline/bd/system_inst_0/ipshared/df79/hdl/axi_bram_ctrl_v4_1_rfs.vhd:12386]
INFO: [Synth 8-226] default block is never used [d:/GitHub/Digital-HWSW-RRI/DigitalReceiverPipeline/DigitalReceiverPipeline.gen/sources_1/bd/design_pipeline/bd/system_inst_0/ipshared/df79/hdl/axi_bram_ctrl_v4_1_rfs.vhd:25423]
INFO: [Synth 8-638] synthesizing module 'ua_narrow' [d:/GitHub/Digital-HWSW-RRI/DigitalReceiverPipeline/DigitalReceiverPipeline.gen/sources_1/bd/design_pipeline/bd/system_inst_0/ipshared/df79/hdl/axi_bram_ctrl_v4_1_rfs.vhd:11925]
INFO: [Synth 8-226] default block is never used [d:/GitHub/Digital-HWSW-RRI/DigitalReceiverPipeline/DigitalReceiverPipeline.gen/sources_1/bd/design_pipeline/bd/system_inst_0/ipshared/df79/hdl/axi_bram_ctrl_v4_1_rfs.vhd:12104]
INFO: [Synth 8-226] default block is never used [d:/GitHub/Digital-HWSW-RRI/DigitalReceiverPipeline/DigitalReceiverPipeline.gen/sources_1/bd/design_pipeline/bd/system_inst_0/ipshared/df79/hdl/axi_bram_ctrl_v4_1_rfs.vhd:12143]
INFO: [Synth 8-256] done synthesizing module 'ua_narrow' (0#1) [d:/GitHub/Digital-HWSW-RRI/DigitalReceiverPipeline/DigitalReceiverPipeline.gen/sources_1/bd/design_pipeline/bd/system_inst_0/ipshared/df79/hdl/axi_bram_ctrl_v4_1_rfs.vhd:11925]
INFO: [Synth 8-638] synthesizing module 'SRL_FIFO' [d:/GitHub/Digital-HWSW-RRI/DigitalReceiverPipeline/DigitalReceiverPipeline.gen/sources_1/bd/design_pipeline/bd/system_inst_0/ipshared/df79/hdl/axi_bram_ctrl_v4_1_rfs.vhd:91]
INFO: [Synth 8-3491] module 'FDR' declared at 'C:/Xilinx/Vivado/2024.2/scripts/rt/data/unisim_comp.v:43175' bound to instance 'Data_Exists_DFF' of component 'FDR' [d:/GitHub/Digital-HWSW-RRI/DigitalReceiverPipeline/DigitalReceiverPipeline.gen/sources_1/bd/design_pipeline/bd/system_inst_0/ipshared/df79/hdl/axi_bram_ctrl_v4_1_rfs.vhd:188]
INFO: [Synth 8-6157] synthesizing module 'FDR' [C:/Xilinx/Vivado/2024.2/scripts/rt/data/unisim_comp.v:43175]
INFO: [Synth 8-6155] done synthesizing module 'FDR' (0#1) [C:/Xilinx/Vivado/2024.2/scripts/rt/data/unisim_comp.v:43175]
INFO: [Synth 8-3491] module 'MUXCY_L' declared at 'C:/Xilinx/Vivado/2024.2/scripts/rt/data/unisim_comp.v:90780' bound to instance 'MUXCY_L_I' of component 'MUXCY_L' [d:/GitHub/Digital-HWSW-RRI/DigitalReceiverPipeline/DigitalReceiverPipeline.gen/sources_1/bd/design_pipeline/bd/system_inst_0/ipshared/df79/hdl/axi_bram_ctrl_v4_1_rfs.vhd:205]
INFO: [Synth 8-6157] synthesizing module 'MUXCY_L' [C:/Xilinx/Vivado/2024.2/scripts/rt/data/unisim_comp.v:90780]
INFO: [Synth 8-6155] done synthesizing module 'MUXCY_L' (0#1) [C:/Xilinx/Vivado/2024.2/scripts/rt/data/unisim_comp.v:90780]
INFO: [Synth 8-3491] module 'XORCY' declared at 'C:/Xilinx/Vivado/2024.2/scripts/rt/data/unisim_comp.v:155012' bound to instance 'XORCY_I' of component 'XORCY' [d:/GitHub/Digital-HWSW-RRI/DigitalReceiverPipeline/DigitalReceiverPipeline.gen/sources_1/bd/design_pipeline/bd/system_inst_0/ipshared/df79/hdl/axi_bram_ctrl_v4_1_rfs.vhd:212]
INFO: [Synth 8-6157] synthesizing module 'XORCY' [C:/Xilinx/Vivado/2024.2/scripts/rt/data/unisim_comp.v:155012]
INFO: [Synth 8-6155] done synthesizing module 'XORCY' (0#1) [C:/Xilinx/Vivado/2024.2/scripts/rt/data/unisim_comp.v:155012]
INFO: [Synth 8-3491] module 'FDRE' declared at 'C:/Xilinx/Vivado/2024.2/scripts/rt/data/unisim_comp.v:43188' bound to instance 'FDRE_I' of component 'FDRE' [d:/GitHub/Digital-HWSW-RRI/DigitalReceiverPipeline/DigitalReceiverPipeline.gen/sources_1/bd/design_pipeline/bd/system_inst_0/ipshared/df79/hdl/axi_bram_ctrl_v4_1_rfs.vhd:218]
INFO: [Synth 8-6157] synthesizing module 'FDRE' [C:/Xilinx/Vivado/2024.2/scripts/rt/data/unisim_comp.v:43188]
INFO: [Synth 8-6155] done synthesizing module 'FDRE' (0#1) [C:/Xilinx/Vivado/2024.2/scripts/rt/data/unisim_comp.v:43188]
INFO: [Synth 8-3491] module 'MUXCY_L' declared at 'C:/Xilinx/Vivado/2024.2/scripts/rt/data/unisim_comp.v:90780' bound to instance 'MUXCY_L_I' of component 'MUXCY_L' [d:/GitHub/Digital-HWSW-RRI/DigitalReceiverPipeline/DigitalReceiverPipeline.gen/sources_1/bd/design_pipeline/bd/system_inst_0/ipshared/df79/hdl/axi_bram_ctrl_v4_1_rfs.vhd:205]
INFO: [Synth 8-3491] module 'XORCY' declared at 'C:/Xilinx/Vivado/2024.2/scripts/rt/data/unisim_comp.v:155012' bound to instance 'XORCY_I' of component 'XORCY' [d:/GitHub/Digital-HWSW-RRI/DigitalReceiverPipeline/DigitalReceiverPipeline.gen/sources_1/bd/design_pipeline/bd/system_inst_0/ipshared/df79/hdl/axi_bram_ctrl_v4_1_rfs.vhd:212]
INFO: [Synth 8-3491] module 'FDRE' declared at 'C:/Xilinx/Vivado/2024.2/scripts/rt/data/unisim_comp.v:43188' bound to instance 'FDRE_I' of component 'FDRE' [d:/GitHub/Digital-HWSW-RRI/DigitalReceiverPipeline/DigitalReceiverPipeline.gen/sources_1/bd/design_pipeline/bd/system_inst_0/ipshared/df79/hdl/axi_bram_ctrl_v4_1_rfs.vhd:218]
INFO: [Synth 8-3491] module 'MUXCY_L' declared at 'C:/Xilinx/Vivado/2024.2/scripts/rt/data/unisim_comp.v:90780' bound to instance 'MUXCY_L_I' of component 'MUXCY_L' [d:/GitHub/Digital-HWSW-RRI/DigitalReceiverPipeline/DigitalReceiverPipeline.gen/sources_1/bd/design_pipeline/bd/system_inst_0/ipshared/df79/hdl/axi_bram_ctrl_v4_1_rfs.vhd:205]
INFO: [Synth 8-3491] module 'XORCY' declared at 'C:/Xilinx/Vivado/2024.2/scripts/rt/data/unisim_comp.v:155012' bound to instance 'XORCY_I' of component 'XORCY' [d:/GitHub/Digital-HWSW-RRI/DigitalReceiverPipeline/DigitalReceiverPipeline.gen/sources_1/bd/design_pipeline/bd/system_inst_0/ipshared/df79/hdl/axi_bram_ctrl_v4_1_rfs.vhd:212]
INFO: [Synth 8-3491] module 'FDRE' declared at 'C:/Xilinx/Vivado/2024.2/scripts/rt/data/unisim_comp.v:43188' bound to instance 'FDRE_I' of component 'FDRE' [d:/GitHub/Digital-HWSW-RRI/DigitalReceiverPipeline/DigitalReceiverPipeline.gen/sources_1/bd/design_pipeline/bd/system_inst_0/ipshared/df79/hdl/axi_bram_ctrl_v4_1_rfs.vhd:218]
INFO: [Synth 8-3491] module 'MUXCY_L' declared at 'C:/Xilinx/Vivado/2024.2/scripts/rt/data/unisim_comp.v:90780' bound to instance 'MUXCY_L_I' of component 'MUXCY_L' [d:/GitHub/Digital-HWSW-RRI/DigitalReceiverPipeline/DigitalReceiverPipeline.gen/sources_1/bd/design_pipeline/bd/system_inst_0/ipshared/df79/hdl/axi_bram_ctrl_v4_1_rfs.vhd:205]
INFO: [Synth 8-3491] module 'XORCY' declared at 'C:/Xilinx/Vivado/2024.2/scripts/rt/data/unisim_comp.v:155012' bound to instance 'XORCY_I' of component 'XORCY' [d:/GitHub/Digital-HWSW-RRI/DigitalReceiverPipeline/DigitalReceiverPipeline.gen/sources_1/bd/design_pipeline/bd/system_inst_0/ipshared/df79/hdl/axi_bram_ctrl_v4_1_rfs.vhd:212]
INFO: [Synth 8-3491] module 'FDRE' declared at 'C:/Xilinx/Vivado/2024.2/scripts/rt/data/unisim_comp.v:43188' bound to instance 'FDRE_I' of component 'FDRE' [d:/GitHub/Digital-HWSW-RRI/DigitalReceiverPipeline/DigitalReceiverPipeline.gen/sources_1/bd/design_pipeline/bd/system_inst_0/ipshared/df79/hdl/axi_bram_ctrl_v4_1_rfs.vhd:218]
INFO: [Synth 8-3491] module 'SRL16E' declared at 'C:/Xilinx/Vivado/2024.2/scripts/rt/data/unisim_comp.v:149045' bound to instance 'SRL16E_I' of component 'SRL16E' [d:/GitHub/Digital-HWSW-RRI/DigitalReceiverPipeline/DigitalReceiverPipeline.gen/sources_1/bd/design_pipeline/bd/system_inst_0/ipshared/df79/hdl/axi_bram_ctrl_v4_1_rfs.vhd:229]
INFO: [Synth 8-6157] synthesizing module 'SRL16E' [C:/Xilinx/Vivado/2024.2/scripts/rt/data/unisim_comp.v:149045]
INFO: [Synth 8-6155] done synthesizing module 'SRL16E' (0#1) [C:/Xilinx/Vivado/2024.2/scripts/rt/data/unisim_comp.v:149045]
INFO: [Synth 8-256] done synthesizing module 'SRL_FIFO' (0#1) [d:/GitHub/Digital-HWSW-RRI/DigitalReceiverPipeline/DigitalReceiverPipeline.gen/sources_1/bd/design_pipeline/bd/system_inst_0/ipshared/df79/hdl/axi_bram_ctrl_v4_1_rfs.vhd:91]
INFO: [Synth 8-256] done synthesizing module 'wr_chnl' (0#1) [d:/GitHub/Digital-HWSW-RRI/DigitalReceiverPipeline/DigitalReceiverPipeline.gen/sources_1/bd/design_pipeline/bd/system_inst_0/ipshared/df79/hdl/axi_bram_ctrl_v4_1_rfs.vhd:24080]
WARNING: [Synth 8-6778] Component port with null array found, Will be ignored [d:/GitHub/Digital-HWSW-RRI/DigitalReceiverPipeline/DigitalReceiverPipeline.gen/sources_1/bd/design_pipeline/bd/system_inst_0/ipshared/df79/hdl/axi_bram_ctrl_v4_1_rfs.vhd:29936]
INFO: [Synth 8-638] synthesizing module 'rd_chnl' [d:/GitHub/Digital-HWSW-RRI/DigitalReceiverPipeline/DigitalReceiverPipeline.gen/sources_1/bd/design_pipeline/bd/system_inst_0/ipshared/df79/hdl/axi_bram_ctrl_v4_1_rfs.vhd:14672]
INFO: [Synth 8-226] default block is never used [d:/GitHub/Digital-HWSW-RRI/DigitalReceiverPipeline/DigitalReceiverPipeline.gen/sources_1/bd/design_pipeline/bd/system_inst_0/ipshared/df79/hdl/axi_bram_ctrl_v4_1_rfs.vhd:16057]
INFO: [Synth 8-256] done synthesizing module 'rd_chnl' (0#1) [d:/GitHub/Digital-HWSW-RRI/DigitalReceiverPipeline/DigitalReceiverPipeline.gen/sources_1/bd/design_pipeline/bd/system_inst_0/ipshared/df79/hdl/axi_bram_ctrl_v4_1_rfs.vhd:14672]
INFO: [Synth 8-256] done synthesizing module 'full_axi' (0#1) [d:/GitHub/Digital-HWSW-RRI/DigitalReceiverPipeline/DigitalReceiverPipeline.gen/sources_1/bd/design_pipeline/bd/system_inst_0/ipshared/df79/hdl/axi_bram_ctrl_v4_1_rfs.vhd:29196]
INFO: [Synth 8-256] done synthesizing module 'axi_bram_ctrl_top' (0#1) [d:/GitHub/Digital-HWSW-RRI/DigitalReceiverPipeline/DigitalReceiverPipeline.gen/sources_1/bd/design_pipeline/bd/system_inst_0/ipshared/df79/hdl/axi_bram_ctrl_v4_1_rfs.vhd:30438]
INFO: [Synth 8-256] done synthesizing module 'axi_bram_ctrl' (0#1) [d:/GitHub/Digital-HWSW-RRI/DigitalReceiverPipeline/DigitalReceiverPipeline.gen/sources_1/bd/design_pipeline/bd/system_inst_0/ipshared/df79/hdl/axi_bram_ctrl_v4_1_rfs.vhd:31434]
INFO: [Synth 8-256] done synthesizing module 'system_inst_0_axi_bram_ctrl_0_0' (0#1) [d:/GitHub/Digital-HWSW-RRI/DigitalReceiverPipeline/DigitalReceiverPipeline.gen/sources_1/bd/design_pipeline/bd/system_inst_0/ip/system_inst_0_axi_bram_ctrl_0_0/synth/system_inst_0_axi_bram_ctrl_0_0.vhd:104]
WARNING: [Synth 8-6014] Unused sequential element curr_awsize_reg_reg was removed.  [d:/GitHub/Digital-HWSW-RRI/DigitalReceiverPipeline/DigitalReceiverPipeline.gen/sources_1/bd/design_pipeline/bd/system_inst_0/ipshared/df79/hdl/axi_bram_ctrl_v4_1_rfs.vhd:25239]
WARNING: [Synth 8-6014] Unused sequential element curr_awlen_reg_1_or_2_reg was removed.  [d:/GitHub/Digital-HWSW-RRI/DigitalReceiverPipeline/DigitalReceiverPipeline.gen/sources_1/bd/design_pipeline/bd/system_inst_0/ipshared/df79/hdl/axi_bram_ctrl_v4_1_rfs.vhd:25517]
WARNING: [Synth 8-6014] Unused sequential element GEN_NO_RD_CMD_OPT.axi_arsize_pipe_max_reg was removed.  [d:/GitHub/Digital-HWSW-RRI/DigitalReceiverPipeline/DigitalReceiverPipeline.gen/sources_1/bd/design_pipeline/bd/system_inst_0/ipshared/df79/hdl/axi_bram_ctrl_v4_1_rfs.vhd:15432]
WARNING: [Synth 8-6014] Unused sequential element GEN_NO_RD_CMD_OPT.curr_arsize_reg_reg was removed.  [d:/GitHub/Digital-HWSW-RRI/DigitalReceiverPipeline/DigitalReceiverPipeline.gen/sources_1/bd/design_pipeline/bd/system_inst_0/ipshared/df79/hdl/axi_bram_ctrl_v4_1_rfs.vhd:15924]
WARNING: [Synth 8-6014] Unused sequential element GEN_NO_RD_CMD_OPT.no_ar_ack_reg was removed.  [d:/GitHub/Digital-HWSW-RRI/DigitalReceiverPipeline/DigitalReceiverPipeline.gen/sources_1/bd/design_pipeline/bd/system_inst_0/ipshared/df79/hdl/axi_bram_ctrl_v4_1_rfs.vhd:19829]
WARNING: [Synth 8-6014] Unused sequential element GEN_NO_RD_CMD_OPT.do_cmplt_burst_reg was removed.  [d:/GitHub/Digital-HWSW-RRI/DigitalReceiverPipeline/DigitalReceiverPipeline.gen/sources_1/bd/design_pipeline/bd/system_inst_0/ipshared/df79/hdl/axi_bram_ctrl_v4_1_rfs.vhd:21170]
WARNING: [Synth 8-7129] Port curr_axlen[7] in module wrap_brst is either unconnected or has no load
WARNING: [Synth 8-7129] Port curr_axlen[6] in module wrap_brst is either unconnected or has no load
WARNING: [Synth 8-7129] Port curr_axlen[5] in module wrap_brst is either unconnected or has no load
WARNING: [Synth 8-7129] Port curr_axlen[4] in module wrap_brst is either unconnected or has no load
WARNING: [Synth 8-7129] Port bram_addr_ld[3] in module wrap_brst is either unconnected or has no load
WARNING: [Synth 8-7129] Port bram_addr_int[12] in module wrap_brst is either unconnected or has no load
WARNING: [Synth 8-7129] Port bram_addr_int[11] in module wrap_brst is either unconnected or has no load
WARNING: [Synth 8-7129] Port bram_addr_int[10] in module wrap_brst is either unconnected or has no load
WARNING: [Synth 8-7129] Port bram_addr_int[9] in module wrap_brst is either unconnected or has no load
WARNING: [Synth 8-7129] Port bram_addr_int[8] in module wrap_brst is either unconnected or has no load
WARNING: [Synth 8-7129] Port bram_addr_int[7] in module wrap_brst is either unconnected or has no load
WARNING: [Synth 8-7129] Port AXI_ARLOCK in module rd_chnl is either unconnected or has no load
WARNING: [Synth 8-7129] Port AXI_ARCACHE[3] in module rd_chnl is either unconnected or has no load
WARNING: [Synth 8-7129] Port AXI_ARCACHE[2] in module rd_chnl is either unconnected or has no load
WARNING: [Synth 8-7129] Port AXI_ARCACHE[1] in module rd_chnl is either unconnected or has no load
WARNING: [Synth 8-7129] Port AXI_ARCACHE[0] in module rd_chnl is either unconnected or has no load
WARNING: [Synth 8-7129] Port AXI_ARPROT[2] in module rd_chnl is either unconnected or has no load
WARNING: [Synth 8-7129] Port AXI_ARPROT[1] in module rd_chnl is either unconnected or has no load
WARNING: [Synth 8-7129] Port AXI_ARPROT[0] in module rd_chnl is either unconnected or has no load
WARNING: [Synth 8-7129] Port AXI_ARVALID in module rd_chnl is either unconnected or has no load
WARNING: [Synth 8-7129] Port Enable_ECC in module rd_chnl is either unconnected or has no load
WARNING: [Synth 8-7129] Port Sng_arb_Arready in module rd_chnl is either unconnected or has no load
WARNING: [Synth 8-7129] Port AXI_AWLOCK in module wr_chnl is either unconnected or has no load
WARNING: [Synth 8-7129] Port AXI_AWCACHE[3] in module wr_chnl is either unconnected or has no load
WARNING: [Synth 8-7129] Port AXI_AWCACHE[2] in module wr_chnl is either unconnected or has no load
WARNING: [Synth 8-7129] Port AXI_AWCACHE[1] in module wr_chnl is either unconnected or has no load
WARNING: [Synth 8-7129] Port AXI_AWCACHE[0] in module wr_chnl is either unconnected or has no load
WARNING: [Synth 8-7129] Port AXI_AWPROT[2] in module wr_chnl is either unconnected or has no load
WARNING: [Synth 8-7129] Port AXI_AWPROT[1] in module wr_chnl is either unconnected or has no load
WARNING: [Synth 8-7129] Port AXI_AWPROT[0] in module wr_chnl is either unconnected or has no load
WARNING: [Synth 8-7129] Port Enable_ECC in module wr_chnl is either unconnected or has no load
WARNING: [Synth 8-7129] Port FaultInjectData[63] in module wr_chnl is either unconnected or has no load
WARNING: [Synth 8-7129] Port FaultInjectData[62] in module wr_chnl is either unconnected or has no load
WARNING: [Synth 8-7129] Port FaultInjectData[61] in module wr_chnl is either unconnected or has no load
WARNING: [Synth 8-7129] Port FaultInjectData[60] in module wr_chnl is either unconnected or has no load
WARNING: [Synth 8-7129] Port FaultInjectData[59] in module wr_chnl is either unconnected or has no load
WARNING: [Synth 8-7129] Port FaultInjectData[58] in module wr_chnl is either unconnected or has no load
WARNING: [Synth 8-7129] Port FaultInjectData[57] in module wr_chnl is either unconnected or has no load
WARNING: [Synth 8-7129] Port FaultInjectData[56] in module wr_chnl is either unconnected or has no load
WARNING: [Synth 8-7129] Port FaultInjectData[55] in module wr_chnl is either unconnected or has no load
WARNING: [Synth 8-7129] Port FaultInjectData[54] in module wr_chnl is either unconnected or has no load
WARNING: [Synth 8-7129] Port FaultInjectData[53] in module wr_chnl is either unconnected or has no load
WARNING: [Synth 8-7129] Port FaultInjectData[52] in module wr_chnl is either unconnected or has no load
WARNING: [Synth 8-7129] Port FaultInjectData[51] in module wr_chnl is either unconnected or has no load
WARNING: [Synth 8-7129] Port FaultInjectData[50] in module wr_chnl is either unconnected or has no load
WARNING: [Synth 8-7129] Port FaultInjectData[49] in module wr_chnl is either unconnected or has no load
WARNING: [Synth 8-7129] Port FaultInjectData[48] in module wr_chnl is either unconnected or has no load
WARNING: [Synth 8-7129] Port FaultInjectData[47] in module wr_chnl is either unconnected or has no load
WARNING: [Synth 8-7129] Port FaultInjectData[46] in module wr_chnl is either unconnected or has no load
WARNING: [Synth 8-7129] Port FaultInjectData[45] in module wr_chnl is either unconnected or has no load
WARNING: [Synth 8-7129] Port FaultInjectData[44] in module wr_chnl is either unconnected or has no load
WARNING: [Synth 8-7129] Port FaultInjectData[43] in module wr_chnl is either unconnected or has no load
WARNING: [Synth 8-7129] Port FaultInjectData[42] in module wr_chnl is either unconnected or has no load
WARNING: [Synth 8-7129] Port FaultInjectData[41] in module wr_chnl is either unconnected or has no load
WARNING: [Synth 8-7129] Port FaultInjectData[40] in module wr_chnl is either unconnected or has no load
WARNING: [Synth 8-7129] Port FaultInjectData[39] in module wr_chnl is either unconnected or has no load
WARNING: [Synth 8-7129] Port FaultInjectData[38] in module wr_chnl is either unconnected or has no load
WARNING: [Synth 8-7129] Port FaultInjectData[37] in module wr_chnl is either unconnected or has no load
WARNING: [Synth 8-7129] Port FaultInjectData[36] in module wr_chnl is either unconnected or has no load
WARNING: [Synth 8-7129] Port FaultInjectData[35] in module wr_chnl is either unconnected or has no load
WARNING: [Synth 8-7129] Port FaultInjectData[34] in module wr_chnl is either unconnected or has no load
WARNING: [Synth 8-7129] Port FaultInjectData[33] in module wr_chnl is either unconnected or has no load
WARNING: [Synth 8-7129] Port FaultInjectData[32] in module wr_chnl is either unconnected or has no load
WARNING: [Synth 8-7129] Port FaultInjectData[31] in module wr_chnl is either unconnected or has no load
WARNING: [Synth 8-7129] Port FaultInjectData[30] in module wr_chnl is either unconnected or has no load
WARNING: [Synth 8-7129] Port FaultInjectData[29] in module wr_chnl is either unconnected or has no load
WARNING: [Synth 8-7129] Port FaultInjectData[28] in module wr_chnl is either unconnected or has no load
WARNING: [Synth 8-7129] Port FaultInjectData[27] in module wr_chnl is either unconnected or has no load
WARNING: [Synth 8-7129] Port FaultInjectData[26] in module wr_chnl is either unconnected or has no load
WARNING: [Synth 8-7129] Port FaultInjectData[25] in module wr_chnl is either unconnected or has no load
WARNING: [Synth 8-7129] Port FaultInjectData[24] in module wr_chnl is either unconnected or has no load
WARNING: [Synth 8-7129] Port FaultInjectData[23] in module wr_chnl is either unconnected or has no load
WARNING: [Synth 8-7129] Port FaultInjectData[22] in module wr_chnl is either unconnected or has no load
WARNING: [Synth 8-7129] Port FaultInjectData[21] in module wr_chnl is either unconnected or has no load
WARNING: [Synth 8-7129] Port FaultInjectData[20] in module wr_chnl is either unconnected or has no load
WARNING: [Synth 8-7129] Port FaultInjectData[19] in module wr_chnl is either unconnected or has no load
WARNING: [Synth 8-7129] Port FaultInjectData[18] in module wr_chnl is either unconnected or has no load
WARNING: [Synth 8-7129] Port FaultInjectData[17] in module wr_chnl is either unconnected or has no load
WARNING: [Synth 8-7129] Port FaultInjectData[16] in module wr_chnl is either unconnected or has no load
WARNING: [Synth 8-7129] Port FaultInjectData[15] in module wr_chnl is either unconnected or has no load
WARNING: [Synth 8-7129] Port FaultInjectData[14] in module wr_chnl is either unconnected or has no load
WARNING: [Synth 8-7129] Port FaultInjectData[13] in module wr_chnl is either unconnected or has no load
WARNING: [Synth 8-7129] Port FaultInjectData[12] in module wr_chnl is either unconnected or has no load
WARNING: [Synth 8-7129] Port FaultInjectData[11] in module wr_chnl is either unconnected or has no load
WARNING: [Synth 8-7129] Port FaultInjectData[10] in module wr_chnl is either unconnected or has no load
WARNING: [Synth 8-7129] Port FaultInjectData[9] in module wr_chnl is either unconnected or has no load
WARNING: [Synth 8-7129] Port FaultInjectData[8] in module wr_chnl is either unconnected or has no load
WARNING: [Synth 8-7129] Port FaultInjectData[7] in module wr_chnl is either unconnected or has no load
WARNING: [Synth 8-7129] Port FaultInjectData[6] in module wr_chnl is either unconnected or has no load
WARNING: [Synth 8-7129] Port FaultInjectData[5] in module wr_chnl is either unconnected or has no load
WARNING: [Synth 8-7129] Port FaultInjectData[4] in module wr_chnl is either unconnected or has no load
WARNING: [Synth 8-7129] Port FaultInjectData[3] in module wr_chnl is either unconnected or has no load
WARNING: [Synth 8-7129] Port FaultInjectData[2] in module wr_chnl is either unconnected or has no load
WARNING: [Synth 8-7129] Port FaultInjectData[1] in module wr_chnl is either unconnected or has no load
WARNING: [Synth 8-7129] Port FaultInjectData[0] in module wr_chnl is either unconnected or has no load
WARNING: [Synth 8-7129] Port BRAM_RdData[63] in module wr_chnl is either unconnected or has no load
WARNING: [Synth 8-7129] Port BRAM_RdData[62] in module wr_chnl is either unconnected or has no load
WARNING: [Synth 8-7129] Port BRAM_RdData[61] in module wr_chnl is either unconnected or has no load
WARNING: [Synth 8-7129] Port BRAM_RdData[60] in module wr_chnl is either unconnected or has no load
WARNING: [Synth 8-7129] Port BRAM_RdData[59] in module wr_chnl is either unconnected or has no load
INFO: [Common 17-14] Message 'Synth 8-7129' appears 100 times and further instances of the messages will be disabled. Use the Tcl command set_msg_config to change the current settings.
---------------------------------------------------------------------------------
Finished RTL Elaboration : Time (s): cpu = 00:00:15 ; elapsed = 00:00:16 . Memory (MB): peak = 1213.371 ; gain = 599.711
---------------------------------------------------------------------------------
---------------------------------------------------------------------------------
Start Handling Custom Attributes
---------------------------------------------------------------------------------
---------------------------------------------------------------------------------
Finished Handling Custom Attributes : Time (s): cpu = 00:00:16 ; elapsed = 00:00:16 . Memory (MB): peak = 1213.371 ; gain = 599.711
---------------------------------------------------------------------------------
---------------------------------------------------------------------------------
Finished RTL Optimization Phase 1 : Time (s): cpu = 00:00:16 ; elapsed = 00:00:16 . Memory (MB): peak = 1213.371 ; gain = 599.711
---------------------------------------------------------------------------------
Netlist sorting complete. Time (s): cpu = 00:00:00 ; elapsed = 00:00:00.041 . Memory (MB): peak = 1213.371 ; gain = 0.000
INFO: [Netlist 29-17] Analyzing 9 Unisim elements for replacement
INFO: [Netlist 29-28] Unisim Transformation completed in 0 CPU seconds
INFO: [Project 1-570] Preparing netlist for logic optimization

Processing XDC Constraints
Initializing timing engine
Parsing XDC File [d:/GitHub/Digital-HWSW-RRI/DigitalReceiverPipeline/DigitalReceiverPipeline.gen/sources_1/bd/design_pipeline/bd/system_inst_0/ip/system_inst_0_axi_bram_ctrl_0_0/system_inst_0_axi_bram_ctrl_0_0_ooc.xdc] for cell 'U0'
Finished Parsing XDC File [d:/GitHub/Digital-HWSW-RRI/DigitalReceiverPipeline/DigitalReceiverPipeline.gen/sources_1/bd/design_pipeline/bd/system_inst_0/ip/system_inst_0_axi_bram_ctrl_0_0/system_inst_0_axi_bram_ctrl_0_0_ooc.xdc] for cell 'U0'
Parsing XDC File [D:/GitHub/Digital-HWSW-RRI/DigitalReceiverPipeline/DigitalReceiverPipeline.runs/system_inst_0_axi_bram_ctrl_0_0_synth_1/dont_touch.xdc]
Finished Parsing XDC File [D:/GitHub/Digital-HWSW-RRI/DigitalReceiverPipeline/DigitalReceiverPipeline.runs/system_inst_0_axi_bram_ctrl_0_0_synth_1/dont_touch.xdc]
Completed Processing XDC Constraints

Netlist sorting complete. Time (s): cpu = 00:00:00 ; elapsed = 00:00:00 . Memory (MB): peak = 1300.121 ; gain = 0.000
INFO: [Project 1-111] Unisim Transformation Summary:
  A total of 5 instances were transformed.
  FDR => FDRE: 1 instance 
  MUXCY_L => MUXCY: 4 instances

Constraint Validation Runtime : Time (s): cpu = 00:00:00 ; elapsed = 00:00:00.066 . Memory (MB): peak = 1300.160 ; gain = 0.039
INFO: [Designutils 20-5008] Incremental synthesis strategy off
---------------------------------------------------------------------------------
Finished Constraint Validation : Time (s): cpu = 00:00:33 ; elapsed = 00:00:34 . Memory (MB): peak = 1300.160 ; gain = 686.500
---------------------------------------------------------------------------------
---------------------------------------------------------------------------------
Start Loading Part and Timing Information
---------------------------------------------------------------------------------
Loading part: xc7z010clg400-1
---------------------------------------------------------------------------------
Finished Loading Part and Timing Information : Time (s): cpu = 00:00:33 ; elapsed = 00:00:34 . Memory (MB): peak = 1300.160 ; gain = 686.500
---------------------------------------------------------------------------------
---------------------------------------------------------------------------------
Start Applying 'set_property' XDC Constraints
---------------------------------------------------------------------------------
Applied set_property KEEP_HIERARCHY = SOFT for U0. (constraint file  D:/GitHub/Digital-HWSW-RRI/DigitalReceiverPipeline/DigitalReceiverPipeline.runs/system_inst_0_axi_bram_ctrl_0_0_synth_1/dont_touch.xdc, line 9).
---------------------------------------------------------------------------------
Finished applying 'set_property' XDC Constraints : Time (s): cpu = 00:00:33 ; elapsed = 00:00:34 . Memory (MB): peak = 1300.160 ; gain = 686.500
---------------------------------------------------------------------------------
INFO: [Synth 8-802] inferred FSM for state register 'arb_sm_cs_reg' in module 'sng_port_arb'
INFO: [Synth 8-802] inferred FSM for state register 'GEN_WDATA_SM_NO_ECC_SNG_REG_WREADY.wr_data_sng_sm_cs_reg' in module 'wr_chnl'
INFO: [Synth 8-802] inferred FSM for state register 'GEN_NO_RD_CMD_OPT.rd_data_sm_cs_reg' in module 'rd_chnl'
INFO: [Synth 8-802] inferred FSM for state register 'GEN_NO_RD_CMD_OPT.rlast_sm_cs_reg' in module 'rd_chnl'
---------------------------------------------------------------------------------------------------
                   State |                     New Encoding |                Previous Encoding 
---------------------------------------------------------------------------------------------------
                    idle |                               00 |                               00
                 wr_data |                               01 |                               10
                 rd_data |                               10 |                               01
---------------------------------------------------------------------------------------------------
INFO: [Synth 8-3354] encoded FSM with state register 'arb_sm_cs_reg' using encoding 'sequential' in module 'sng_port_arb'
---------------------------------------------------------------------------------------------------
                   State |                     New Encoding |                Previous Encoding 
---------------------------------------------------------------------------------------------------
                    idle |                              001 |                               00
            brst_wr_data |                              010 |                               10
             sng_wr_data |                              100 |                               01
---------------------------------------------------------------------------------------------------
INFO: [Synth 8-3354] encoded FSM with state register 'GEN_WDATA_SM_NO_ECC_SNG_REG_WREADY.wr_data_sng_sm_cs_reg' using encoding 'one-hot' in module 'wr_chnl'
---------------------------------------------------------------------------------------------------
                   State |                     New Encoding |                Previous Encoding 
---------------------------------------------------------------------------------------------------
                    idle |                             0000 |                             0000
                sng_addr |                             0001 |                             0011
                sec_addr |                             0010 |                             0100
               full_pipe |                             0011 |                             0101
           full_throttle |                             0100 |                             0110
               last_addr |                             0101 |                             0111
           last_throttle |                             0110 |                             1000
               last_data |                             0111 |                             1001
       last_data_ar_pend |                             1000 |                             1010
---------------------------------------------------------------------------------------------------
INFO: [Synth 8-3354] encoded FSM with state register 'GEN_NO_RD_CMD_OPT.rd_data_sm_cs_reg' using encoding 'sequential' in module 'rd_chnl'
---------------------------------------------------------------------------------------------------
                   State |                     New Encoding |                Previous Encoding 
---------------------------------------------------------------------------------------------------
                    idle |                              000 |                              000
          w8_throttle_b2 |                              001 |                              101
             w8_throttle |                              010 |                              010
        w8_2nd_last_data |                              011 |                              011
            w8_last_data |                              100 |                              100
---------------------------------------------------------------------------------------------------
INFO: [Synth 8-3354] encoded FSM with state register 'GEN_NO_RD_CMD_OPT.rlast_sm_cs_reg' using encoding 'sequential' in module 'rd_chnl'
---------------------------------------------------------------------------------
Finished RTL Optimization Phase 2 : Time (s): cpu = 00:00:34 ; elapsed = 00:00:36 . Memory (MB): peak = 1300.160 ; gain = 686.500
---------------------------------------------------------------------------------
---------------------------------------------------------------------------------
Start RTL Component Statistics 
---------------------------------------------------------------------------------
Detailed RTL Component Info : 
+---Adders : 
	   2 Input    9 Bit       Adders := 3     
	   2 Input    8 Bit       Adders := 1     
	   2 Input    5 Bit       Adders := 10    
	   2 Input    4 Bit       Adders := 12    
	   3 Input    3 Bit       Adders := 2     
	   2 Input    3 Bit       Adders := 5     
+---XORs : 
	   2 Input      1 Bit         XORs := 4     
+---Registers : 
	               64 Bit    Registers := 1     
	               10 Bit    Registers := 1     
	                9 Bit    Registers := 2     
	                8 Bit    Registers := 2     
	                3 Bit    Registers := 7     
	                2 Bit    Registers := 2     
	                1 Bit    Registers := 175   
+---Muxes : 
	   2 Input   64 Bit        Muxes := 1     
	   2 Input   10 Bit        Muxes := 5     
	   2 Input    8 Bit        Muxes := 3     
	   8 Input    5 Bit        Muxes := 4     
	   9 Input    4 Bit        Muxes := 1     
	   2 Input    4 Bit        Muxes := 9     
	   4 Input    3 Bit        Muxes := 2     
	   5 Input    3 Bit        Muxes := 3     
	   2 Input    3 Bit        Muxes := 20    
	   3 Input    3 Bit        Muxes := 1     
	   3 Input    2 Bit        Muxes := 3     
	   2 Input    2 Bit        Muxes := 5     
	   4 Input    2 Bit        Muxes := 2     
	   2 Input    1 Bit        Muxes := 62    
	   3 Input    1 Bit        Muxes := 15    
	   9 Input    1 Bit        Muxes := 19    
	   5 Input    1 Bit        Muxes := 2     
---------------------------------------------------------------------------------
Finished RTL Component Statistics 
---------------------------------------------------------------------------------
---------------------------------------------------------------------------------
Start Part Resource Summary
---------------------------------------------------------------------------------
Part Resources:
DSPs: 80 (col length:40)
BRAMs: 120 (col length: RAMB18 40 RAMB36 20)
---------------------------------------------------------------------------------
Finished Part Resource Summary
---------------------------------------------------------------------------------
---------------------------------------------------------------------------------
Start Cross Boundary and Area Optimization
---------------------------------------------------------------------------------
WARNING: [Synth 8-7080] Parallel synthesis criteria is not met
INFO: [Synth 8-3332] Sequential element (gext_inst.abcv4_0_ext_inst/GEN_AXI4.I_FULL_AXI/I_WR_CHNL/BID_FIFO/Data_Exists_DFF) is unused and will be removed from module axi_bram_ctrl.
INFO: [Synth 8-3332] Sequential element (gext_inst.abcv4_0_ext_inst/GEN_AXI4.I_FULL_AXI/I_WR_CHNL/BID_FIFO/Addr_Counters[0].FDRE_I) is unused and will be removed from module axi_bram_ctrl.
INFO: [Synth 8-3332] Sequential element (gext_inst.abcv4_0_ext_inst/GEN_AXI4.I_FULL_AXI/I_WR_CHNL/BID_FIFO/Addr_Counters[1].FDRE_I) is unused and will be removed from module axi_bram_ctrl.
INFO: [Synth 8-3332] Sequential element (gext_inst.abcv4_0_ext_inst/GEN_AXI4.I_FULL_AXI/I_WR_CHNL/BID_FIFO/Addr_Counters[2].FDRE_I) is unused and will be removed from module axi_bram_ctrl.
INFO: [Synth 8-3332] Sequential element (gext_inst.abcv4_0_ext_inst/GEN_AXI4.I_FULL_AXI/I_WR_CHNL/BID_FIFO/Addr_Counters[3].FDRE_I) is unused and will be removed from module axi_bram_ctrl.
---------------------------------------------------------------------------------
Finished Cross Boundary and Area Optimization : Time (s): cpu = 00:00:41 ; elapsed = 00:00:43 . Memory (MB): peak = 1300.160 ; gain = 686.500
---------------------------------------------------------------------------------
---------------------------------------------------------------------------------
Start Applying XDC Timing Constraints
---------------------------------------------------------------------------------
---------------------------------------------------------------------------------
Finished Applying XDC Timing Constraints : Time (s): cpu = 00:00:53 ; elapsed = 00:00:56 . Memory (MB): peak = 1392.863 ; gain = 779.203
---------------------------------------------------------------------------------
---------------------------------------------------------------------------------
Start Timing Optimization
---------------------------------------------------------------------------------
---------------------------------------------------------------------------------
Finished Timing Optimization : Time (s): cpu = 00:00:56 ; elapsed = 00:00:59 . Memory (MB): peak = 1458.375 ; gain = 844.715
---------------------------------------------------------------------------------
---------------------------------------------------------------------------------
Start Technology Mapping
---------------------------------------------------------------------------------
---------------------------------------------------------------------------------
Finished Technology Mapping : Time (s): cpu = 00:00:57 ; elapsed = 00:00:59 . Memory (MB): peak = 1458.375 ; gain = 844.715
---------------------------------------------------------------------------------
---------------------------------------------------------------------------------
Start IO Insertion
---------------------------------------------------------------------------------
---------------------------------------------------------------------------------
Start Flattening Before IO Insertion
---------------------------------------------------------------------------------
---------------------------------------------------------------------------------
Finished Flattening Before IO Insertion
---------------------------------------------------------------------------------
---------------------------------------------------------------------------------
Start Final Netlist Cleanup
---------------------------------------------------------------------------------
---------------------------------------------------------------------------------
Finished Final Netlist Cleanup
---------------------------------------------------------------------------------
---------------------------------------------------------------------------------
Finished IO Insertion : Time (s): cpu = 00:01:03 ; elapsed = 00:01:05 . Memory (MB): peak = 1638.902 ; gain = 1025.242
---------------------------------------------------------------------------------
---------------------------------------------------------------------------------
Start Renaming Generated Instances
---------------------------------------------------------------------------------
---------------------------------------------------------------------------------
Finished Renaming Generated Instances : Time (s): cpu = 00:01:03 ; elapsed = 00:01:05 . Memory (MB): peak = 1638.902 ; gain = 1025.242
---------------------------------------------------------------------------------
---------------------------------------------------------------------------------
Start Rebuilding User Hierarchy
---------------------------------------------------------------------------------
---------------------------------------------------------------------------------
Finished Rebuilding User Hierarchy : Time (s): cpu = 00:01:03 ; elapsed = 00:01:05 . Memory (MB): peak = 1638.902 ; gain = 1025.242
---------------------------------------------------------------------------------
---------------------------------------------------------------------------------
Start Renaming Generated Ports
---------------------------------------------------------------------------------
---------------------------------------------------------------------------------
Finished Renaming Generated Ports : Time (s): cpu = 00:01:03 ; elapsed = 00:01:05 . Memory (MB): peak = 1638.902 ; gain = 1025.242
---------------------------------------------------------------------------------
---------------------------------------------------------------------------------
Start Handling Custom Attributes
---------------------------------------------------------------------------------
---------------------------------------------------------------------------------
Finished Handling Custom Attributes : Time (s): cpu = 00:01:03 ; elapsed = 00:01:05 . Memory (MB): peak = 1638.902 ; gain = 1025.242
---------------------------------------------------------------------------------
---------------------------------------------------------------------------------
Start Renaming Generated Nets
---------------------------------------------------------------------------------
---------------------------------------------------------------------------------
Finished Renaming Generated Nets : Time (s): cpu = 00:01:03 ; elapsed = 00:01:05 . Memory (MB): peak = 1638.902 ; gain = 1025.242
---------------------------------------------------------------------------------
---------------------------------------------------------------------------------
Start Writing Synthesis Report
---------------------------------------------------------------------------------

Report BlackBoxes: 
+-+--------------+----------+
| |BlackBox name |Instances |
+-+--------------+----------+
+-+--------------+----------+

Report Cell Usage: 
+------+-------+------+
|      |Cell   |Count |
+------+-------+------+
|1     |CARRY4 |     2|
|2     |LUT1   |     2|
|3     |LUT2   |    38|
|4     |LUT3   |    95|
|5     |LUT4   |    43|
|6     |LUT5   |    49|
|7     |LUT6   |   153|
|8     |FDRE   |   310|
|9     |FDSE   |     1|
+------+-------+------+
---------------------------------------------------------------------------------
Finished Writing Synthesis Report : Time (s): cpu = 00:01:03 ; elapsed = 00:01:05 . Memory (MB): peak = 1638.902 ; gain = 1025.242
---------------------------------------------------------------------------------
Synthesis finished with 0 errors, 0 critical warnings and 404 warnings.
Synthesis Optimization Runtime : Time (s): cpu = 00:00:43 ; elapsed = 00:01:01 . Memory (MB): peak = 1638.902 ; gain = 938.453
Synthesis Optimization Complete : Time (s): cpu = 00:01:03 ; elapsed = 00:01:06 . Memory (MB): peak = 1638.902 ; gain = 1025.242
INFO: [Project 1-571] Translating synthesized netlist
Netlist sorting complete. Time (s): cpu = 00:00:00 ; elapsed = 00:00:00.031 . Memory (MB): peak = 1638.902 ; gain = 0.000
INFO: [Netlist 29-17] Analyzing 2 Unisim elements for replacement
INFO: [Netlist 29-28] Unisim Transformation completed in 0 CPU seconds
INFO: [Project 1-570] Preparing netlist for logic optimization
INFO: [Opt 31-138] Pushed 0 inverter(s) to 0 load pin(s).
Netlist sorting complete. Time (s): cpu = 00:00:00 ; elapsed = 00:00:00.001 . Memory (MB): peak = 1646.980 ; gain = 0.000
INFO: [Project 1-111] Unisim Transformation Summary:
No Unisim elements were transformed.

Synth Design complete | Checksum: 877ab6ac
INFO: [Common 17-83] Releasing license: Synthesis
87 Infos, 110 Warnings, 0 Critical Warnings and 0 Errors encountered.
synth_design completed successfully
synth_design: Time (s): cpu = 00:01:10 ; elapsed = 00:01:15 . Memory (MB): peak = 1646.980 ; gain = 1239.297
Write ShapeDB Complete: Time (s): cpu = 00:00:00 ; elapsed = 00:00:00.003 . Memory (MB): peak = 1646.980 ; gain = 0.000
INFO: [Common 17-1381] The checkpoint 'D:/GitHub/Digital-HWSW-RRI/DigitalReceiverPipeline/DigitalReceiverPipeline.runs/system_inst_0_axi_bram_ctrl_0_0_synth_1/system_inst_0_axi_bram_ctrl_0_0.dcp' has been generated.
INFO: [Coretcl 2-1648] Added synthesis output to IP cache for IP system_inst_0_axi_bram_ctrl_0_0, cache-ID = 93ac80f884997718
INFO: [Coretcl 2-1174] Renamed 10 cell refs.
Write ShapeDB Complete: Time (s): cpu = 00:00:00 ; elapsed = 00:00:00.004 . Memory (MB): peak = 1646.980 ; gain = 0.000
INFO: [Common 17-1381] The checkpoint 'D:/GitHub/Digital-HWSW-RRI/DigitalReceiverPipeline/DigitalReceiverPipeline.runs/system_inst_0_axi_bram_ctrl_0_0_synth_1/system_inst_0_axi_bram_ctrl_0_0.dcp' has been generated.
INFO: [Vivado 12-24828] Executing command : report_utilization -file system_inst_0_axi_bram_ctrl_0_0_utilization_synth.rpt -pb system_inst_0_axi_bram_ctrl_0_0_utilization_synth.pb
INFO: [Common 17-206] Exiting Vivado at Wed Jul  9 15:55:42 2025...
