Copyright 1986-2022 Xilinx, Inc. All Rights Reserved. Copyright 2022-2024 Advanced Micro Devices, Inc. All Rights Reserved.
---------------------------------------------------------------------------------------------------------------------------------------------
| Tool Version : Vivado v.2024.2 (win64) Build 5239630 Fri Nov 08 22:35:27 MST 2024
| Date         : Mon Jul  7 15:52:34 2025
| Host         : GiridharKING running 64-bit major release  (build 9200)
| Command      : upgrade_ip
| Device       : xc7z010clg400-1
---------------------------------------------------------------------------------------------------------------------------------------------

Upgrade Log for IP 'design_singletoneFFT_xlslice_0_1'

1. Summary
----------

SUCCESS in the update of design_singletoneFFT_xlslice_0_1 (xilinx.com:ip:xlslice:1.0 (Rev. 4)) to current project options.






Copyright 1986-2022 Xilinx, Inc. All Rights Reserved. Copyright 2022-2024 Advanced Micro Devices, Inc. All Rights Reserved.
---------------------------------------------------------------------------------------------------------------------------------------------
| Tool Version : Vivado v.2024.2 (win64) Build 5239630 Fri Nov 08 22:35:27 MST 2024
| Date         : Mon Jul  7 15:52:34 2025
| Host         : GiridharKING running 64-bit major release  (build 9200)
| Command      : upgrade_ip
| Device       : xc7z010clg400-1
---------------------------------------------------------------------------------------------------------------------------------------------

Upgrade Log for IP 'design_singletoneFFT_xlslice_0_0'

1. Summary
----------

SUCCESS in the update of design_singletoneFFT_xlslice_0_0 (xilinx.com:ip:xlslice:1.0 (Rev. 4)) to current project options.






Copyright 1986-2022 Xilinx, Inc. All Rights Reserved. Copyright 2022-2024 Advanced Micro Devices, Inc. All Rights Reserved.
---------------------------------------------------------------------------------------------------------------------------------------------
| Tool Version : Vivado v.2024.2 (win64) Build 5239630 Fri Nov 08 22:35:27 MST 2024
| Date         : Mon Jul  7 15:52:34 2025
| Host         : GiridharKING running 64-bit major release  (build 9200)
| Command      : upgrade_ip
| Device       : xc7z010clg400-1
---------------------------------------------------------------------------------------------------------------------------------------------

Upgrade Log for IP 'design_singletoneFFT_xlconstant_4_0'

1. Summary
----------

SUCCESS in the update of design_singletoneFFT_xlconstant_4_0 (xilinx.com:ip:xlconstant:1.1 (Rev. 9)) to current project options.






Copyright 1986-2022 Xilinx, Inc. All Rights Reserved. Copyright 2022-2024 Advanced Micro Devices, Inc. All Rights Reserved.
---------------------------------------------------------------------------------------------------------------------------------------------
| Tool Version : Vivado v.2024.2 (win64) Build 5239630 Fri Nov 08 22:35:27 MST 2024
| Date         : Mon Jul  7 15:52:34 2025
| Host         : GiridharKING running 64-bit major release  (build 9200)
| Command      : upgrade_ip
| Device       : xc7z010clg400-1
---------------------------------------------------------------------------------------------------------------------------------------------

Upgrade Log for IP 'design_singletoneFFT_xlconstant_3_0'

1. Summary
----------

SUCCESS in the update of design_singletoneFFT_xlconstant_3_0 (xilinx.com:ip:xlconstant:1.1 (Rev. 9)) to current project options.






Copyright 1986-2022 Xilinx, Inc. All Rights Reserved. Copyright 2022-2024 Advanced Micro Devices, Inc. All Rights Reserved.
---------------------------------------------------------------------------------------------------------------------------------------------
| Tool Version : Vivado v.2024.2 (win64) Build 5239630 Fri Nov 08 22:35:27 MST 2024
| Date         : Mon Jul  7 15:52:34 2025
| Host         : GiridharKING running 64-bit major release  (build 9200)
| Command      : upgrade_ip
| Device       : xc7z010clg400-1
---------------------------------------------------------------------------------------------------------------------------------------------

Upgrade Log for IP 'design_singletoneFFT_xlconstant_2_1'

1. Summary
----------

SUCCESS in the update of design_singletoneFFT_xlconstant_2_1 (xilinx.com:ip:xlconstant:1.1 (Rev. 9)) to current project options.






Copyright 1986-2022 Xilinx, Inc. All Rights Reserved. Copyright 2022-2024 Advanced Micro Devices, Inc. All Rights Reserved.
---------------------------------------------------------------------------------------------------------------------------------------------
| Tool Version : Vivado v.2024.2 (win64) Build 5239630 Fri Nov 08 22:35:27 MST 2024
| Date         : Mon Jul  7 15:52:34 2025
| Host         : GiridharKING running 64-bit major release  (build 9200)
| Command      : upgrade_ip
| Device       : xc7z010clg400-1
---------------------------------------------------------------------------------------------------------------------------------------------

Upgrade Log for IP 'design_singletoneFFT_xlconstant_0_2'

1. Summary
----------

SUCCESS in the update of design_singletoneFFT_xlconstant_0_2 (xilinx.com:ip:xlconstant:1.1 (Rev. 9)) to current project options.






Copyright 1986-2022 Xilinx, Inc. All Rights Reserved. Copyright 2022-2024 Advanced Micro Devices, Inc. All Rights Reserved.
---------------------------------------------------------------------------------------------------------------------------------------------
| Tool Version : Vivado v.2024.2 (win64) Build 5239630 Fri Nov 08 22:35:27 MST 2024
| Date         : Mon Jul  7 15:52:34 2025
| Host         : GiridharKING running 64-bit major release  (build 9200)
| Command      : upgrade_ip
| Device       : xc7z010clg400-1
---------------------------------------------------------------------------------------------------------------------------------------------

Upgrade Log for IP 'design_singletoneFFT_xlconstant_0_1'

1. Summary
----------

SUCCESS in the update of design_singletoneFFT_xlconstant_0_1 (xilinx.com:ip:xlconstant:1.1 (Rev. 9)) to current project options.






Copyright 1986-2022 Xilinx, Inc. All Rights Reserved. Copyright 2022-2024 Advanced Micro Devices, Inc. All Rights Reserved.
---------------------------------------------------------------------------------------------------------------------------------------------
| Tool Version : Vivado v.2024.2 (win64) Build 5239630 Fri Nov 08 22:35:27 MST 2024
| Date         : Mon Jul  7 15:52:34 2025
| Host         : GiridharKING running 64-bit major release  (build 9200)
| Command      : upgrade_ip
| Device       : xc7z010clg400-1
---------------------------------------------------------------------------------------------------------------------------------------------

Upgrade Log for IP 'design_singletoneFFT_xfft_0_1'

1. Summary
----------

SUCCESS in the update of design_singletoneFFT_xfft_0_1 (xilinx.com:ip:xfft:9.1 (Rev. 13)) to current project options.






Copyright 1986-2022 Xilinx, Inc. All Rights Reserved. Copyright 2022-2024 Advanced Micro Devices, Inc. All Rights Reserved.
---------------------------------------------------------------------------------------------------------------------------------------------
| Tool Version : Vivado v.2024.2 (win64) Build 5239630 Fri Nov 08 22:35:27 MST 2024
| Date         : Mon Jul  7 15:52:34 2025
| Host         : GiridharKING running 64-bit major release  (build 9200)
| Command      : upgrade_ip
| Device       : xc7z010clg400-1
---------------------------------------------------------------------------------------------------------------------------------------------

Upgrade Log for IP 'design_singletoneFFT_mult_gen_0_1'

1. Summary
----------

SUCCESS in the update of design_singletoneFFT_mult_gen_0_1 (xilinx.com:ip:mult_gen:12.0 (Rev. 22)) to current project options.






Copyright 1986-2022 Xilinx, Inc. All Rights Reserved. Copyright 2022-2024 Advanced Micro Devices, Inc. All Rights Reserved.
---------------------------------------------------------------------------------------------------------------------------------------------
| Tool Version : Vivado v.2024.2 (win64) Build 5239630 Fri Nov 08 22:35:27 MST 2024
| Date         : Mon Jul  7 15:52:34 2025
| Host         : GiridharKING running 64-bit major release  (build 9200)
| Command      : upgrade_ip
| Device       : xc7z010clg400-1
---------------------------------------------------------------------------------------------------------------------------------------------

Upgrade Log for IP 'design_singletoneFFT_mult_gen_0_0'

1. Summary
----------

SUCCESS in the update of design_singletoneFFT_mult_gen_0_0 (xilinx.com:ip:mult_gen:12.0 (Rev. 22)) to current project options.






Copyright 1986-2022 Xilinx, Inc. All Rights Reserved. Copyright 2022-2024 Advanced Micro Devices, Inc. All Rights Reserved.
---------------------------------------------------------------------------------------------------------------------------------------------
| Tool Version : Vivado v.2024.2 (win64) Build 5239630 Fri Nov 08 22:35:27 MST 2024
| Date         : Mon Jul  7 15:52:34 2025
| Host         : GiridharKING running 64-bit major release  (build 9200)
| Command      : upgrade_ip
| Device       : xc7z010clg400-1
---------------------------------------------------------------------------------------------------------------------------------------------

Upgrade Log for IP 'design_singletoneFFT_c_counter_binary_0_0'

1. Summary
----------

SUCCESS in the update of design_singletoneFFT_c_counter_binary_0_0 (xilinx.com:ip:c_counter_binary:12.0 (Rev. 20)) to current project options.






Copyright 1986-2022 Xilinx, Inc. All Rights Reserved. Copyright 2022-2024 Advanced Micro Devices, Inc. All Rights Reserved.
---------------------------------------------------------------------------------------------------------------------------------------------
| Tool Version : Vivado v.2024.2 (win64) Build 5239630 Fri Nov 08 22:35:27 MST 2024
| Date         : Mon Jul  7 15:52:34 2025
| Host         : GiridharKING running 64-bit major release  (build 9200)
| Command      : upgrade_ip
| Device       : xc7z010clg400-1
---------------------------------------------------------------------------------------------------------------------------------------------

Upgrade Log for IP 'design_singletoneFFT_c_addsub_0_1'

1. Summary
----------

SUCCESS in the update of design_singletoneFFT_c_addsub_0_1 (xilinx.com:ip:c_addsub:12.0 (Rev. 19)) to current project options.






Copyright 1986-2022 Xilinx, Inc. All Rights Reserved. Copyright 2022-2024 Advanced Micro Devices, Inc. All Rights Reserved.
---------------------------------------------------------------------------------------------------------------------------------------------
| Tool Version : Vivado v.2024.2 (win64) Build 5239630 Fri Nov 08 22:35:27 MST 2024
| Date         : Mon Jul  7 15:52:34 2025
| Host         : GiridharKING running 64-bit major release  (build 9200)
| Command      : upgrade_ip
| Device       : xc7z010clg400-1
---------------------------------------------------------------------------------------------------------------------------------------------

Upgrade Log for IP 'design_singletoneFFT_c_addsub_0_0'

1. Summary
----------

SUCCESS in the update of design_singletoneFFT_c_addsub_0_0 (xilinx.com:ip:c_addsub:12.0 (Rev. 19)) to current project options.






Copyright 1986-2022 Xilinx, Inc. All Rights Reserved. Copyright 2022-2024 Advanced Micro Devices, Inc. All Rights Reserved.
---------------------------------------------------------------------------------------------------------------------------------------------
| Tool Version : Vivado v.2024.2 (win64) Build 5239630 Fri Nov 08 22:35:27 MST 2024
| Date         : Mon Jul  7 15:52:34 2025
| Host         : GiridharKING running 64-bit major release  (build 9200)
| Command      : upgrade_ip
| Device       : xc7z010clg400-1
---------------------------------------------------------------------------------------------------------------------------------------------

Upgrade Log for IP 'design_singletoneFFT_blk_mem_gen_0_0'

1. Summary
----------

SUCCESS in the update of design_singletoneFFT_blk_mem_gen_0_0 (xilinx.com:ip:blk_mem_gen:8.4 (Rev. 9)) to current project options.

